Arguments: 
  C:\Program Files\nodejs\node.exe C:\Program Files (x86)\Yarn\bin\yarn.js add @mantine/core @mantine/hooks @mantine/carousel embla-carousel-react

PATH: 
  C:\Program Files (x86)\Common Files\Oracle\Java\javapath;C:\Program Files\Eclipse Foundation\jdk-8.0.302.8-hotspot\bin;C:\Program Files (x86)\Razer Chroma SDK\bin;C:\Program Files\Razer Chroma SDK\bin;C:\Program Files (x86)\Razer\ChromaBroadcast\bin;C:\Program Files\Razer\ChromaBroadcast\bin;C:\Windows\system32;C:\Windows;C:\Windows\System32\Wbem;C:\Windows\System32\WindowsPowerShell\v1.0\;C:\Windows\System32\OpenSSH\;C:\Program Files (x86)\NVIDIA Corporation\PhysX\Common;C:\Program Files\NVIDIA Corporation\NVIDIA NvDLISR;C:\Program Files (x86)\IVI Foundation\VISA\WinNT\Bin;C:\Program Files\dotnet\;C:\Windows\system32\config\systemprofile\AppData\Local\Microsoft\WindowsApps;C:\Program Files (x86)\QuickTime\QTSystem\;C:\Program Files\PuTTY\;C:\WINDOWS\system32;C:\WINDOWS;C:\WINDOWS\System32\Wbem;C:\WINDOWS\System32\WindowsPowerShell\v1.0\;C:\WINDOWS\System32\OpenSSH\;C:\Program Files\TortoiseGit\bin;C:\Program Files\Git\cmd;C:\WINDOWS\system32;C:\WINDOWS;C:\WINDOWS\System32\Wbem;C:\WINDOWS\System32\WindowsPowerShell\v1.0\;C:\WINDOWS\System32\OpenSSH\;C:\Program Files (x86)\Yarn\bin\;C:\Program Files\Docker\Docker\resources\bin;C:\Program Files\nodejs\;C:\Users\ladik\AppData\Local\Microsoft\WindowsApps;C:\Users\ladik\AppData\Local\Programs\Microsoft VS Code\bin;C:\Users\ladik\.dotnet\tools;C:\Users\ladik\AppData\Local\GitHubDesktop\bin;C:\Program Files (x86)\Nmap;C:\Users\ladik\AppData\Local\Yarn\bin;C:\Users\ladik\.dotnet\tools;C:\Users\ladik\AppData\Local\Programs\Microsoft VS Code Insiders\bin;C:\Users\ladik\AppData\Roaming\npm

Yarn version: 
  1.22.19

Node version: 
  20.10.0

Platform: 
  win32 x64

Trace: 
  Error: EPERM: operation not permitted, unlink 'D:\Programming\Ročníková práce\rocnikova_prace\node_modules\@esbuild\win32-x64\esbuild.exe'

npm manifest: 
  {
    "name": "rocnikova_prace",
    "private": true,
    "sideEffects": false,
    "type": "module",
    "scripts": {
      "build": "remix build",
      "dev": "remix dev --manual",
      "start": "remix-serve ./build/index.js",
      "typecheck": "tsc"
    },
    "dependencies": {
      "@emotion/react": "^11.11.3",
      "@emotion/styled": "^11.11.0",
      "@mantine/carousel": "^7.4.0",
      "@mantine/charts": "^7.4.0",
      "@mantine/code-highlight": "^7.4.0",
      "@mantine/core": "^7.4.0",
      "@mantine/dates": "^7.4.0",
      "@mantine/dropzone": "^7.4.0",
      "@mantine/form": "^7.4.0",
      "@mantine/hooks": "^7.4.0",
      "@mantine/modals": "^7.4.0",
      "@mantine/notifications": "^7.4.0",
      "@mantine/nprogress": "^7.4.0",
      "@mantine/spotlight": "^7.4.0",
      "@mantine/tiptap": "^7.4.0",
      "@mui/material": "^5.15.3",
      "@mui/styled-engine-sc": "^6.0.0-alpha.11",
      "@remix-run/css-bundle": "^2.3.1",
      "@remix-run/node": "^2.3.1",
      "@remix-run/react": "^2.3.1",
      "@remix-run/serve": "^2.3.1",
      "@tabler/icons-react": "^2.45.0",
      "@tiptap/extension-link": "^2.1.15",
      "@tiptap/react": "^2.1.15",
      "@tiptap/starter-kit": "^2.1.15",
      "aos": "^2.3.4",
      "dayjs": "^1.11.10",
      "embla-carousel-react": "^7.1.0",
      "isbot": "^3.6.8",
      "leaflet": "^1.9.4",
      "pocketbase": "^0.19.0",
      "react": "^18.2.0",
      "react-dom": "^18.2.0",
      "react-leaflet": "^4.2.1",
      "recharts": "^2.10.3",
      "styled-components": "^6.1.6"
    },
    "devDependencies": {
      "@remix-run/dev": "^2.3.1",
      "@remix-run/eslint-config": "^2.3.1",
      "@types/leaflet": "^1.9.8",
      "@types/react": "^18.2.20",
      "@types/react-dom": "^18.2.7",
      "eslint": "^8.38.0",
      "postcss": "^8.4.33",
      "postcss-preset-mantine": "^1.12.3",
      "postcss-simple-vars": "^7.0.1",
      "tailwindcss": "^3.3.5",
      "typescript": "^5.1.6"
    },
    "engines": {
      "node": ">=18.0.0"
    }
  }

yarn manifest: 
  No manifest

Lockfile: 
  No lockfile
